app/build/intermediates/manifest_merge_blame_file/debug/manifest-merger-blame-debug-report.txt
1<?xml version="1.0" encoding="utf-8"?>
2<manifest xmlns:android="http://schemas.android.com/apk/res/android"
3    package="com.raheel.androidarsceneform"
4    android:versionCode="1"
5    android:versionName="1.0" >
6
7    <uses-sdk
8        android:minSdkVersion="24"
8-->src\main\AndroidManifest.xml
9        android:targetSdkVersion="28" />
9-->src\main\AndroidManifest.xml
10
11    <uses-permission android:name="android.permission.CAMERA" />
11-->src\main\AndroidManifest.xml:5:5-65
11-->src\main\AndroidManifest.xml:5:22-62
12
13    <uses-feature
13-->src\main\AndroidManifest.xml:6:5-8:35
14        android:name="android.hardware.camera.ar"
14-->src\main\AndroidManifest.xml:7:9-50
15        android:required="true" />
15-->src\main\AndroidManifest.xml:8:9-32
16
17    <uses-permission android:name="android.permission.WRITE_EXTERNAL_STORAGE" />
18    <uses-permission android:name="android.permission.READ_PHONE_STATE" />
19    <uses-permission android:name="android.permission.READ_EXTERNAL_STORAGE" />
20
21    <application
21-->src\main\AndroidManifest.xml:10:5-32:19
22        android:allowBackup="true"
22-->src\main\AndroidManifest.xml:11:9-35
23        android:appComponentFactory="android.support.v4.app.CoreComponentFactory"
23-->[com.android.support:support-compat:28.0.0-alpha3] AndroidManifest.xml:22:18-91
24        android:debuggable="true"
25        android:extractNativeLibs="false"
26        android:icon="@mipmap/ic_launcher"
26-->src\main\AndroidManifest.xml:12:9-43
27        android:label="@string/app_name"
27-->src\main\AndroidManifest.xml:13:9-41
28        android:roundIcon="@mipmap/ic_launcher_round"
28-->src\main\AndroidManifest.xml:14:9-54
29        android:supportsRtl="true"
29-->src\main\AndroidManifest.xml:15:9-35
30        android:testOnly="true"
31        android:theme="@style/AppTheme" >
31-->src\main\AndroidManifest.xml:16:9-40
32        <activity
32-->src\main\AndroidManifest.xml:17:9-26:20
33            android:name="com.raheel.androidarsceneform.MainActivity"
33-->src\main\AndroidManifest.xml:18:13-70
34            android:label="@string/app_name"
34-->src\main\AndroidManifest.xml:19:13-45
35            android:theme="@style/AppTheme.NoActionBar" >
35-->src\main\AndroidManifest.xml:20:13-56
36            <intent-filter>
36-->src\main\AndroidManifest.xml:21:13-25:29
37                <action android:name="android.intent.action.MAIN" />
37-->src\main\AndroidManifest.xml:22:17-69
37-->src\main\AndroidManifest.xml:22:25-66
38
39                <category android:name="android.intent.category.LAUNCHER" />
39-->src\main\AndroidManifest.xml:24:17-77
39-->src\main\AndroidManifest.xml:24:27-74
40            </intent-filter>
41        </activity>
42
43        <meta-data
43-->src\main\AndroidManifest.xml:28:9-30:40
44            android:name="com.google.ar.core"
44-->src\main\AndroidManifest.xml:29:13-46
45            android:value="required" />
45-->src\main\AndroidManifest.xml:30:13-37
46
47        <!-- This activity is critical for installing ARCore when it is not already present. -->
48        <activity
48-->[com.google.ar:core:1.2.0] AndroidManifest.xml:33:9-39:80
49            android:name="com.google.ar.core.InstallActivity"
49-->[com.google.ar:core:1.2.0] AndroidManifest.xml:34:13-62
50            android:configChanges="keyboardHidden|orientation|screenSize"
50-->[com.google.ar:core:1.2.0] AndroidManifest.xml:35:13-74
51            android:excludeFromRecents="true"
51-->[com.google.ar:core:1.2.0] AndroidManifest.xml:36:13-46
52            android:exported="false"
52-->[com.google.ar:core:1.2.0] AndroidManifest.xml:37:13-37
53            android:launchMode="singleTop"
53-->[com.google.ar:core:1.2.0] AndroidManifest.xml:38:13-43
54            android:theme="@android:style/Theme.Material.Light.Dialog.Alert" /> <!-- The minimal version code of ARCore APK required for an app using this SDK. -->
54-->[com.google.ar:core:1.2.0] AndroidManifest.xml:39:13-77
55        <meta-data
55-->[com.google.ar:core:1.2.0] AndroidManifest.xml:41:9-43:41
56            android:name="com.google.ar.core.min_apk_version"
56-->[com.google.ar:core:1.2.0] AndroidManifest.xml:42:13-62
57            android:value="180409000" />
57-->[com.google.ar:core:1.2.0] AndroidManifest.xml:43:13-38
58    </application>
59
60</manifest>